c:\alpha mu – 5.2 full 60 fps\source\server-files\gameserver\gameserver\release\debug\gameserver.pch
c:\alpha mu – 5.2 full 60 fps\source\server-files\gameserver\gameserver\release\debug\vc145.pdb
c:\alpha mu – 5.2 full 60 fps\source\server-files\gameserver\gameserver\release\debug\vc145.idb
c:\alpha mu – 5.2 full 60 fps\source\server-files\gameserver\gameserver\release\debug\stdafx.obj
c:\alpha mu – 5.2 full 60 fps\source\server-files\gameserver\gameserver\release\debug\chaosbox.obj
c:\alpha mu – 5.2 full 60 fps\source\server-files\gameserver\gameserver\release\debug\castlesiegeweapon.obj
c:\alpha mu – 5.2 full 60 fps\source\server-files\gameserver\gameserver\release\debug\castlesiegesync.obj
c:\alpha mu – 5.2 full 60 fps\source\server-files\gameserver\gameserver\release\debug\castlesiegecrownswitch.obj
c:\alpha mu – 5.2 full 60 fps\source\server-files\gameserver\gameserver\release\debug\castlesiegecrown.obj
c:\alpha mu – 5.2 full 60 fps\source\server-files\gameserver\gameserver\release\debug\castlesiege.obj
c:\alpha mu – 5.2 full 60 fps\source\server-files\gameserver\gameserver\release\debug\castledeep.obj
c:\alpha mu – 5.2 full 60 fps\source\server-files\gameserver\gameserver\release\debug\cashshop.obj
c:\alpha mu – 5.2 full 60 fps\source\server-files\gameserver\gameserver\release\debug\cannontower.obj
c:\alpha mu – 5.2 full 60 fps\source\server-files\gameserver\gameserver\release\debug\bonusmanager.obj
c:\alpha mu – 5.2 full 60 fps\source\server-files\gameserver\gameserver\release\debug\bloodcastle.obj
c:\alpha mu – 5.2 full 60 fps\source\server-files\gameserver\gameserver\release\debug\battlesoccermanager.obj
c:\alpha mu – 5.2 full 60 fps\source\server-files\gameserver\gameserver\release\debug\battlesoccer.obj
c:\alpha mu – 5.2 full 60 fps\source\server-files\gameserver\gameserver\release\debug\battleground.obj
c:\alpha mu – 5.2 full 60 fps\source\server-files\gameserver\gameserver\release\debug\arcabattle.obj
c:\alpha mu – 5.2 full 60 fps\source\server-files\gameserver\gameserver\release\debug\380itemtype.obj
c:\alpha mu – 5.2 full 60 fps\source\server-files\gameserver\gameserver\release\debug\380itemoption.obj
c:\alpha mu – 5.2 full 60 fps\source\server-files\gameserver\gameserver\release\debug\math.obj
c:\alpha mu – 5.2 full 60 fps\source\server-files\gameserver\gameserver\release\debug\ccrc32.obj
c:\alpha mu – 5.2 full 60 fps\source\server-files\gameserver\gameserver\release\debug\customjewel.obj
c:\alpha mu – 5.2 full 60 fps\source\server-files\gameserver\gameserver\release\debug\customimmortalpet.obj
c:\alpha mu – 5.2 full 60 fps\source\server-files\gameserver\gameserver\release\debug\customeventdrop.obj
c:\alpha mu – 5.2 full 60 fps\source\server-files\gameserver\gameserver\release\debug\customattack.obj
c:\alpha mu – 5.2 full 60 fps\source\server-files\gameserver\gameserver\release\debug\customarena.obj
c:\alpha mu – 5.2 full 60 fps\source\server-files\gameserver\gameserver\release\debug\csprotocol.obj
c:\alpha mu – 5.2 full 60 fps\source\server-files\gameserver\gameserver\release\debug\crywolfutil.obj
c:\alpha mu – 5.2 full 60 fps\source\server-files\gameserver\gameserver\release\debug\crywolfsync.obj
c:\alpha mu – 5.2 full 60 fps\source\server-files\gameserver\gameserver\release\debug\crywolfstatue.obj
c:\alpha mu – 5.2 full 60 fps\source\server-files\gameserver\gameserver\release\debug\crywolfstatetimeinfo.obj
c:\alpha mu – 5.2 full 60 fps\source\server-files\gameserver\gameserver\release\debug\crywolfobjinfo.obj
c:\alpha mu – 5.2 full 60 fps\source\server-files\gameserver\gameserver\release\debug\crywolfaltar.obj
c:\alpha mu – 5.2 full 60 fps\source\server-files\gameserver\gameserver\release\debug\crywolf.obj
c:\alpha mu – 5.2 full 60 fps\source\server-files\gameserver\gameserver\release\debug\criticalsection.obj
c:\alpha mu – 5.2 full 60 fps\source\server-files\gameserver\gameserver\release\debug\connection.obj
c:\alpha mu – 5.2 full 60 fps\source\server-files\gameserver\gameserver\release\debug\comboskill.obj
c:\alpha mu – 5.2 full 60 fps\source\server-files\gameserver\gameserver\release\debug\chaoscastle.obj
c:\alpha mu – 5.2 full 60 fps\source\server-files\gameserver\gameserver\release\debug\fruit.obj
c:\alpha mu – 5.2 full 60 fps\source\server-files\gameserver\gameserver\release\debug\filter.obj
c:\alpha mu – 5.2 full 60 fps\source\server-files\gameserver\gameserver\release\debug\experiencetable.obj
c:\alpha mu – 5.2 full 60 fps\source\server-files\gameserver\gameserver\release\debug\eventinventory.obj
c:\alpha mu – 5.2 full 60 fps\source\server-files\gameserver\gameserver\release\debug\esprotocol.obj
c:\alpha mu – 5.2 full 60 fps\source\server-files\gameserver\gameserver\release\debug\elementslots.obj
c:\alpha mu – 5.2 full 60 fps\source\server-files\gameserver\gameserver\release\debug\effectmanager.obj
c:\alpha mu – 5.2 full 60 fps\source\server-files\gameserver\gameserver\release\debug\effect.obj
c:\alpha mu – 5.2 full 60 fps\source\server-files\gameserver\gameserver\release\debug\duel.obj
c:\alpha mu – 5.2 full 60 fps\source\server-files\gameserver\gameserver\release\debug\doublegoer.obj
c:\alpha mu – 5.2 full 60 fps\source\server-files\gameserver\gameserver\release\debug\devilsquare.obj
c:\alpha mu – 5.2 full 60 fps\source\server-files\gameserver\gameserver\release\debug\defaultclassinfo.obj
c:\alpha mu – 5.2 full 60 fps\source\server-files\gameserver\gameserver\release\debug\darkspiritnew.obj
c:\alpha mu – 5.2 full 60 fps\source\server-files\gameserver\gameserver\release\debug\darkspirit.obj
c:\alpha mu – 5.2 full 60 fps\source\server-files\gameserver\gameserver\release\debug\customwing.obj
c:\alpha mu – 5.2 full 60 fps\source\server-files\gameserver\gameserver\release\debug\custompick.obj
c:\alpha mu – 5.2 full 60 fps\source\server-files\gameserver\gameserver\release\debug\custommonster.obj
c:\alpha mu – 5.2 full 60 fps\source\server-files\gameserver\gameserver\release\debug\customjewelstack.obj
c:\alpha mu – 5.2 full 60 fps\source\server-files\gameserver\gameserver\release\debug\itembag.obj
c:\alpha mu – 5.2 full 60 fps\source\server-files\gameserver\gameserver\release\debug\item.obj
c:\alpha mu – 5.2 full 60 fps\source\server-files\gameserver\gameserver\release\debug\ipmanager.obj
c:\alpha mu – 5.2 full 60 fps\source\server-files\gameserver\gameserver\release\debug\inventoryequipment.obj
c:\alpha mu – 5.2 full 60 fps\source\server-files\gameserver\gameserver\release\debug\invasionmanager.obj
c:\alpha mu – 5.2 full 60 fps\source\server-files\gameserver\gameserver\release\debug\imperialguardian.obj
c:\alpha mu – 5.2 full 60 fps\source\server-files\gameserver\gameserver\release\debug\illusiontemple.obj
c:\alpha mu – 5.2 full 60 fps\source\server-files\gameserver\gameserver\release\debug\helper.obj
c:\alpha mu – 5.2 full 60 fps\source\server-files\gameserver\gameserver\release\debug\happyhourzen.obj
c:\alpha mu – 5.2 full 60 fps\source\server-files\gameserver\gameserver\release\debug\hackpacketcheck.obj
c:\alpha mu – 5.2 full 60 fps\source\server-files\gameserver\gameserver\release\debug\hackcheck.obj
c:\alpha mu – 5.2 full 60 fps\source\server-files\gameserver\gameserver\release\debug\guildmatching.obj
c:\alpha mu – 5.2 full 60 fps\source\server-files\gameserver\gameserver\release\debug\guildclass.obj
c:\alpha mu – 5.2 full 60 fps\source\server-files\gameserver\gameserver\release\debug\guild.obj
c:\alpha mu – 5.2 full 60 fps\source\server-files\gameserver\gameserver\release\debug\guardianstatue.obj
c:\alpha mu – 5.2 full 60 fps\source\server-files\gameserver\gameserver\release\debug\genssystem.obj
c:\alpha mu – 5.2 full 60 fps\source\server-files\gameserver\gameserver\release\debug\gate.obj
c:\alpha mu – 5.2 full 60 fps\source\server-files\gameserver\gameserver\release\debug\gamemaster.obj
c:\alpha mu – 5.2 full 60 fps\source\server-files\gameserver\gameserver\release\debug\kanturuentrancenpc.obj
c:\alpha mu – 5.2 full 60 fps\source\server-files\gameserver\gameserver\release\debug\kanturubattleusermng.obj
c:\alpha mu – 5.2 full 60 fps\source\server-files\gameserver\gameserver\release\debug\kanturubattlestanby.obj
c:\alpha mu – 5.2 full 60 fps\source\server-files\gameserver\gameserver\release\debug\kanturubattleofnightmare.obj
c:\alpha mu – 5.2 full 60 fps\source\server-files\gameserver\gameserver\release\debug\kanturubattleofmaya.obj
c:\alpha mu – 5.2 full 60 fps\source\server-files\gameserver\gameserver\release\debug\kanturu.obj
c:\alpha mu – 5.2 full 60 fps\source\server-files\gameserver\gameserver\release\debug\kalima.obj
c:\alpha mu – 5.2 full 60 fps\source\server-files\gameserver\gameserver\release\debug\jsprotocol.obj
c:\alpha mu – 5.2 full 60 fps\source\server-files\gameserver\gameserver\release\debug\jewelofharmonytype.obj
c:\alpha mu – 5.2 full 60 fps\source\server-files\gameserver\gameserver\release\debug\jewelofharmonyoption.obj
c:\alpha mu – 5.2 full 60 fps\source\server-files\gameserver\gameserver\release\debug\jewelmix.obj
c:\alpha mu – 5.2 full 60 fps\source\server-files\gameserver\gameserver\release\debug\itemvalue.obj
c:\alpha mu – 5.2 full 60 fps\source\server-files\gameserver\gameserver\release\debug\itemstack.obj
c:\alpha mu – 5.2 full 60 fps\source\server-files\gameserver\gameserver\release\debug\itemoptionrate.obj
c:\alpha mu – 5.2 full 60 fps\source\server-files\gameserver\gameserver\release\debug\itemoption.obj
c:\alpha mu – 5.2 full 60 fps\source\server-files\gameserver\gameserver\release\debug\itemmove.obj
c:\alpha mu – 5.2 full 60 fps\source\server-files\gameserver\gameserver\release\debug\itemdrop.obj
c:\alpha mu – 5.2 full 60 fps\source\server-files\gameserver\gameserver\release\debug\itembagmanager.obj
c:\alpha mu – 5.2 full 60 fps\source\server-files\gameserver\gameserver\release\debug\itembagex.obj
c:\alpha mu – 5.2 full 60 fps\source\server-files\gameserver\gameserver\release\debug\log.obj
c:\alpha mu – 5.2 full 60 fps\source\server-files\gameserver\gameserver\release\debug\lifestone.obj
c:\alpha mu – 5.2 full 60 fps\source\server-files\gameserver\gameserver\release\debug\kanturuutil.obj
c:\alpha mu – 5.2 full 60 fps\source\server-files\gameserver\gameserver\release\debug\kanturutowerofrefinement.obj
c:\alpha mu – 5.2 full 60 fps\source\server-files\gameserver\gameserver\release\debug\kanturustateinfo.obj
c:\alpha mu – 5.2 full 60 fps\source\server-files\gameserver\gameserver\release\debug\kanturuobjinfo.obj
c:\alpha mu – 5.2 full 60 fps\source\server-files\gameserver\gameserver\release\debug\kanturumonstermng.obj
c:\alpha mu – 5.2 full 60 fps\source\server-files\gameserver\gameserver\release\debug\kanturumaya.obj
c:\alpha mu – 5.2 full 60 fps\source\server-files\gameserver\gameserver\release\debug\miningsystem.obj
c:\alpha mu – 5.2 full 60 fps\source\server-files\gameserver\gameserver\release\debug\minimap.obj
c:\alpha mu – 5.2 full 60 fps\source\server-files\gameserver\gameserver\release\debug\minidump.obj
c:\alpha mu – 5.2 full 60 fps\source\server-files\gameserver\gameserver\release\debug\message.obj
c:\alpha mu – 5.2 full 60 fps\source\server-files\gameserver\gameserver\release\debug\mercenary.obj
c:\alpha mu – 5.2 full 60 fps\source\server-files\gameserver\gameserver\release\debug\memscript.obj
c:\alpha mu – 5.2 full 60 fps\source\server-files\gameserver\gameserver\release\debug\memoryallocatorinfo.obj
c:\alpha mu – 5.2 full 60 fps\source\server-files\gameserver\gameserver\release\debug\memoryallocator.obj
c:\alpha mu – 5.2 full 60 fps\source\server-files\gameserver\gameserver\release\debug\masterskilltree.obj
c:\alpha mu – 5.2 full 60 fps\source\server-files\gameserver\gameserver\release\debug\mapservermanager.obj
c:\alpha mu – 5.2 full 60 fps\source\server-files\gameserver\gameserver\release\debug\mappath.obj
c:\alpha mu – 5.2 full 60 fps\source\server-files\gameserver\gameserver\release\debug\mapmanager.obj
c:\alpha mu – 5.2 full 60 fps\source\server-files\gameserver\gameserver\release\debug\mapitem.obj
c:\alpha mu – 5.2 full 60 fps\source\server-files\gameserver\gameserver\release\debug\map.obj
c:\alpha mu – 5.2 full 60 fps\source\server-files\gameserver\gameserver\release\debug\luckyitem.obj
c:\alpha mu – 5.2 full 60 fps\source\server-files\gameserver\gameserver\release\debug\luckycoin.obj
c:\alpha mu – 5.2 full 60 fps\source\server-files\gameserver\gameserver\release\debug\monsterskillelement.obj
c:\alpha mu – 5.2 full 60 fps\source\server-files\gameserver\gameserver\release\debug\monstersetbase.obj
c:\alpha mu – 5.2 full 60 fps\source\server-files\gameserver\gameserver\release\debug\monstermanager.obj
c:\alpha mu – 5.2 full 60 fps\source\server-files\gameserver\gameserver\release\debug\monsteraiutil.obj
c:\alpha mu – 5.2 full 60 fps\source\server-files\gameserver\gameserver\release\debug\monsteraiunitinfo.obj
c:\alpha mu – 5.2 full 60 fps\source\server-files\gameserver\gameserver\release\debug\monsteraiunit.obj
c:\alpha mu – 5.2 full 60 fps\source\server-files\gameserver\gameserver\release\debug\monsteraistate.obj
c:\alpha mu – 5.2 full 60 fps\source\server-files\gameserver\gameserver\release\debug\monsterairuleinfo.obj
c:\alpha mu – 5.2 full 60 fps\source\server-files\gameserver\gameserver\release\debug\monsterairule.obj
c:\alpha mu – 5.2 full 60 fps\source\server-files\gameserver\gameserver\release\debug\monsteraimovepathinfo.obj
c:\alpha mu – 5.2 full 60 fps\source\server-files\gameserver\gameserver\release\debug\monsteraimovepath.obj
c:\alpha mu – 5.2 full 60 fps\source\server-files\gameserver\gameserver\release\debug\monsteraigroupmember.obj
c:\alpha mu – 5.2 full 60 fps\source\server-files\gameserver\gameserver\release\debug\monsteraigroup.obj
c:\alpha mu – 5.2 full 60 fps\source\server-files\gameserver\gameserver\release\debug\monsteraielementinfo.obj
c:\alpha mu – 5.2 full 60 fps\source\server-files\gameserver\gameserver\release\debug\monsteraielement.obj
c:\alpha mu – 5.2 full 60 fps\source\server-files\gameserver\gameserver\release\debug\monsteraiautomatainfo.obj
c:\alpha mu – 5.2 full 60 fps\source\server-files\gameserver\gameserver\release\debug\monsteraiautomata.obj
c:\alpha mu – 5.2 full 60 fps\source\server-files\gameserver\gameserver\release\debug\monsteraiagro.obj
c:\alpha mu – 5.2 full 60 fps\source\server-files\gameserver\gameserver\release\debug\monsterai.obj
c:\alpha mu – 5.2 full 60 fps\source\server-files\gameserver\gameserver\release\debug\patenteinfo.obj
c:\alpha mu – 5.2 full 60 fps\source\server-files\gameserver\gameserver\release\debug\partymatching.obj
c:\alpha mu – 5.2 full 60 fps\source\server-files\gameserver\gameserver\release\debug\party.obj
c:\alpha mu – 5.2 full 60 fps\source\server-files\gameserver\gameserver\release\debug\packetmanager.obj
c:\alpha mu – 5.2 full 60 fps\source\server-files\gameserver\gameserver\release\debug\muunsystem.obj
c:\alpha mu – 5.2 full 60 fps\source\server-files\gameserver\gameserver\release\debug\murummy.obj
c:\alpha mu – 5.2 full 60 fps\source\server-files\gameserver\gameserver\release\debug\muluafileprotect.obj
c:\alpha mu – 5.2 full 60 fps\source\server-files\gameserver\gameserver\release\debug\movesummon.obj
c:\alpha mu – 5.2 full 60 fps\source\server-files\gameserver\gameserver\release\debug\move.obj
c:\alpha mu – 5.2 full 60 fps\source\server-files\gameserver\gameserver\release\debug\mossmerchant.obj
c:\alpha mu – 5.2 full 60 fps\source\server-files\gameserver\gameserver\release\debug\monsterskillunitinfo.obj
c:\alpha mu – 5.2 full 60 fps\source\server-files\gameserver\gameserver\release\debug\monsterskillunit.obj
c:\alpha mu – 5.2 full 60 fps\source\server-files\gameserver\gameserver\release\debug\monsterskillmanager.obj
c:\alpha mu – 5.2 full 60 fps\source\server-files\gameserver\gameserver\release\debug\monsterskillinfo.obj
c:\alpha mu – 5.2 full 60 fps\source\server-files\gameserver\gameserver\release\debug\monsterskillelementoption.obj
c:\alpha mu – 5.2 full 60 fps\source\server-files\gameserver\gameserver\release\debug\monsterskillelementinfo.obj
c:\alpha mu – 5.2 full 60 fps\source\server-files\gameserver\gameserver\release\debug\raklionbattleofselupan.obj
c:\alpha mu – 5.2 full 60 fps\source\server-files\gameserver\gameserver\release\debug\raklion.obj
c:\alpha mu – 5.2 full 60 fps\source\server-files\gameserver\gameserver\release\debug\queuetimer.obj
c:\alpha mu – 5.2 full 60 fps\source\server-files\gameserver\gameserver\release\debug\queue.obj
c:\alpha mu – 5.2 full 60 fps\source\server-files\gameserver\gameserver\release\debug\questworldreward.obj
c:\alpha mu – 5.2 full 60 fps\source\server-files\gameserver\gameserver\release\debug\questworldobjective.obj
c:\alpha mu – 5.2 full 60 fps\source\server-files\gameserver\gameserver\release\debug\questworld.obj
c:\alpha mu – 5.2 full 60 fps\source\server-files\gameserver\gameserver\release\debug\questreward.obj
c:\alpha mu – 5.2 full 60 fps\source\server-files\gameserver\gameserver\release\debug\questobjective.obj
c:\alpha mu – 5.2 full 60 fps\source\server-files\gameserver\gameserver\release\debug\quest.obj
c:\alpha mu – 5.2 full 60 fps\source\server-files\gameserver\gameserver\release\debug\querymanager.obj
c:\alpha mu – 5.2 full 60 fps\source\server-files\gameserver\gameserver\release\debug\queryasyncmanager.obj
c:\alpha mu – 5.2 full 60 fps\source\server-files\gameserver\gameserver\release\debug\playercache.obj
c:\alpha mu – 5.2 full 60 fps\source\server-files\gameserver\gameserver\release\debug\pets.obj
c:\alpha mu – 5.2 full 60 fps\source\server-files\gameserver\gameserver\release\debug\pentagramsystem.obj
c:\alpha mu – 5.2 full 60 fps\source\server-files\gameserver\gameserver\release\debug\pcpoint.obj
c:\alpha mu – 5.2 full 60 fps\source\server-files\gameserver\gameserver\release\debug\path.obj
c:\alpha mu – 5.2 full 60 fps\source\server-files\gameserver\gameserver\release\debug\skillhitbox.obj
c:\alpha mu – 5.2 full 60 fps\source\server-files\gameserver\gameserver\release\debug\skill.obj
c:\alpha mu – 5.2 full 60 fps\source\server-files\gameserver\gameserver\release\debug\shopmanager.obj
c:\alpha mu – 5.2 full 60 fps\source\server-files\gameserver\gameserver\release\debug\shop.obj
c:\alpha mu – 5.2 full 60 fps\source\server-files\gameserver\gameserver\release\debug\setitemtype.obj
c:\alpha mu – 5.2 full 60 fps\source\server-files\gameserver\gameserver\release\debug\setitemoption.obj
c:\alpha mu – 5.2 full 60 fps\source\server-files\gameserver\gameserver\release\debug\servercache.obj
c:\alpha mu – 5.2 full 60 fps\source\server-files\gameserver\gameserver\release\debug\serialcheck.obj
c:\alpha mu – 5.2 full 60 fps\source\server-files\gameserver\gameserver\release\debug\schedulemanager.obj
c:\alpha mu – 5.2 full 60 fps\source\server-files\gameserver\gameserver\release\debug\resettable.obj
c:\alpha mu – 5.2 full 60 fps\source\server-files\gameserver\gameserver\release\debug\reconnect.obj
c:\alpha mu – 5.2 full 60 fps\source\server-files\gameserver\gameserver\release\debug\randommanager.obj
c:\alpha mu – 5.2 full 60 fps\source\server-files\gameserver\gameserver\release\debug\raklionutil.obj
c:\alpha mu – 5.2 full 60 fps\source\server-files\gameserver\gameserver\release\debug\raklionselupan.obj
c:\alpha mu – 5.2 full 60 fps\source\server-files\gameserver\gameserver\release\debug\raklionobjinfo.obj
c:\alpha mu – 5.2 full 60 fps\source\server-files\gameserver\gameserver\release\debug\raklionbattleusermng.obj
c:\alpha mu – 5.2 full 60 fps\source\server-files\gameserver\gameserver\release\debug\raklionbattleuser.obj
c:\alpha mu – 5.2 full 60 fps\source\server-files\gameserver\gameserver\release\debug\viewport.obj
c:\alpha mu – 5.2 full 60 fps\source\server-files\gameserver\gameserver\release\debug\util.obj
c:\alpha mu – 5.2 full 60 fps\source\server-files\gameserver\gameserver\release\debug\unioninfo.obj
c:\alpha mu – 5.2 full 60 fps\source\server-files\gameserver\gameserver\release\debug\union.obj
c:\alpha mu – 5.2 full 60 fps\source\server-files\gameserver\gameserver\release\debug\summonscroll.obj
c:\alpha mu – 5.2 full 60 fps\source\server-files\gameserver\gameserver\release\debug\socketmanagerudp.obj
c:\alpha mu – 5.2 full 60 fps\source\server-files\gameserver\gameserver\release\debug\socketmanager.obj
c:\alpha mu – 5.2 full 60 fps\source\server-files\gameserver\gameserver\release\debug\socketitemtype.obj
c:\alpha mu – 5.2 full 60 fps\source\server-files\gameserver\gameserver\release\debug\socketitemoption.obj
c:\alpha mu – 5.2 full 60 fps\source\server-files\gameserver\gameserver\release\debug\gameserver.tlog\cl.command.1.tlog
c:\alpha mu – 5.2 full 60 fps\source\server-files\gameserver\gameserver\release\debug\gameserver.tlog\cl.read.1.tlog
c:\alpha mu – 5.2 full 60 fps\source\server-files\gameserver\gameserver\release\debug\gameserver.tlog\cl.write.1.tlog
