13:43:54 ----------------------------------------------------------------------------------------------------
13:43:54 [CheckSystemInformation] ClientVersion: 1.7.0, SystemVersion: 6.2.9200, MemoryUsage: 10357/16375mb
13:43:54 [SplashScreen] SplashType: 0, TextSwitch: 1, DisplayText: Licensed to: AlfaMu
13:43:54 [CHClientInfoSend] IsReconnect: 0, ClientFileCRC: 2DF6C4C5, HackVersion: 1.7.0, HardwareId: 08E3877F-A6CA84B3-C21F8D74-B905EDA2
13:43:54 [HCClientInfoRecv] Result: 0, EncDecKey: 0 - 0, InternalVersion: 0, Reconnect: 1, MemoryGuard: 50 - 1, MacroProtect: 2 - 1, MemoryAddress: E611B2 - E61F68 - E61F70 - 8793718 - 8128AC8 - E8C578 - 9D0040 - 9CFC26
13:43:54 [HCDumpListRecv] Count: 113, MaxCount: 303
13:43:54 [HCDumpListRecv] Count: 113, MaxCount: 303
13:43:54 [HCDumpListRecv] Count: 77, MaxCount: 303
13:43:54 [HCChecksumListRecv] Count: 0, MaxCount: 0
13:43:54 [HCInternalListRecv] Count: 15, MaxCount: 15
13:43:54 [HCWindowListRecv] Count: 0, MaxCount: 0
13:43:54 [EntryProc] DumpListMaxCount: 303, ChecksumListMaxCount: 0, InternalListMaxCount: 15, WindowListMaxCount: 0
13:43:54 [CheckClientFile] #4
13:44:08 ----------------------------------------------------------------------------------------------------
13:44:08 [CheckSystemInformation] ClientVersion: 1.7.0, SystemVersion: 6.2.9200, MemoryUsage: 10350/16375mb
13:44:08 [SplashScreen] SplashType: 0, TextSwitch: 1, DisplayText: Licensed to: AlfaMu
13:44:08 [CHClientInfoSend] IsReconnect: 0, ClientFileCRC: 2DF6C4C5, HackVersion: 1.7.0, HardwareId: 08E3877F-A6CA84B3-C21F8D74-B905EDA2
13:44:08 [HCClientInfoRecv] Result: 0, EncDecKey: 0 - 0, InternalVersion: 0, Reconnect: 1, MemoryGuard: 50 - 1, MacroProtect: 2 - 1, MemoryAddress: E611B2 - E61F68 - E61F70 - 8793718 - 8128AC8 - E8C578 - 9D0040 - 9CFC26
13:44:08 [HCDumpListRecv] Count: 113, MaxCount: 303
13:44:08 [HCDumpListRecv] Count: 113, MaxCount: 303
13:44:08 [HCDumpListRecv] Count: 77, MaxCount: 303
13:44:08 [HCChecksumListRecv] Count: 0, MaxCount: 0
13:44:08 [HCInternalListRecv] Count: 15, MaxCount: 15
13:44:08 [HCWindowListRecv] Count: 0, MaxCount: 0
13:44:09 [EntryProc] DumpListMaxCount: 303, ChecksumListMaxCount: 0, InternalListMaxCount: 15, WindowListMaxCount: 0
13:44:09 [CheckClientFile] #4
13:44:53 ----------------------------------------------------------------------------------------------------
13:44:53 [CheckSystemInformation] ClientVersion: 1.7.0, SystemVersion: 6.2.9200, MemoryUsage: 10449/16375mb
13:44:53 [SplashScreen] SplashType: 0, TextSwitch: 1, DisplayText: Licensed to: AlfaMu
13:44:53 [CHClientInfoSend] IsReconnect: 0, ClientFileCRC: 2DF6C4C5, HackVersion: 1.7.0, HardwareId: 08E3877F-A6CA84B3-C21F8D74-B905EDA2
13:44:53 [HCClientInfoRecv] Result: 0, EncDecKey: 0 - 0, InternalVersion: 0, Reconnect: 1, MemoryGuard: 50 - 1, MacroProtect: 2 - 1, MemoryAddress: E611B2 - E61F68 - E61F70 - 8793718 - 8128AC8 - E8C578 - 9D0040 - 9CFC26
13:44:53 [HCDumpListRecv] Count: 113, MaxCount: 303
13:44:53 [HCDumpListRecv] Count: 113, MaxCount: 303
13:44:53 [HCDumpListRecv] Count: 77, MaxCount: 303
13:44:53 [HCChecksumListRecv] Count: 0, MaxCount: 0
13:44:53 [HCInternalListRecv] Count: 15, MaxCount: 15
13:44:53 [HCWindowListRecv] Count: 0, MaxCount: 0
13:44:54 [EntryProc] DumpListMaxCount: 303, ChecksumListMaxCount: 0, InternalListMaxCount: 15, WindowListMaxCount: 0
13:44:54 [CheckClientFile] #4
13:45:06 ----------------------------------------------------------------------------------------------------
13:45:06 [CheckSystemInformation] ClientVersion: 1.7.0, SystemVersion: 6.2.9200, MemoryUsage: 10608/16375mb
13:45:06 [SplashScreen] SplashType: 0, TextSwitch: 1, DisplayText: Licensed to: AlfaMu
13:45:06 [CHClientInfoSend] IsReconnect: 0, ClientFileCRC: 2DF6C4C5, HackVersion: 1.7.0, HardwareId: 08E3877F-A6CA84B3-C21F8D74-B905EDA2
13:45:06 [HCClientInfoRecv] Result: 0, EncDecKey: 0 - 0, InternalVersion: 0, Reconnect: 1, MemoryGuard: 50 - 1, MacroProtect: 2 - 1, MemoryAddress: E611B2 - E61F68 - E61F70 - 8793718 - 8128AC8 - E8C578 - 9D0040 - 9CFC26
13:45:06 [HCDumpListRecv] Count: 113, MaxCount: 303
13:45:06 [HCDumpListRecv] Count: 113, MaxCount: 303
13:45:06 [HCDumpListRecv] Count: 77, MaxCount: 303
13:45:06 [HCChecksumListRecv] Count: 0, MaxCount: 0
13:45:06 [HCInternalListRecv] Count: 15, MaxCount: 15
13:45:06 [HCWindowListRecv] Count: 0, MaxCount: 0
13:45:07 [EntryProc] DumpListMaxCount: 303, ChecksumListMaxCount: 0, InternalListMaxCount: 15, WindowListMaxCount: 0
13:45:07 [CheckClientFile] #4
13:57:45 ----------------------------------------------------------------------------------------------------
13:57:45 [CheckSystemInformation] ClientVersion: 1.7.0, SystemVersion: 6.2.9200, MemoryUsage: 10411/16375mb
13:57:45 [SplashScreen] SplashType: 0, TextSwitch: 1, DisplayText: Licensed to: AlfaMu
13:57:45 [CHClientInfoSend] IsReconnect: 0, ClientFileCRC: 2DF6C4C5, HackVersion: 1.7.0, HardwareId: 08E3877F-A6CA84B3-C21F8D74-B905EDA2
13:57:45 [HCClientInfoRecv] Result: 0, EncDecKey: 0 - 0, InternalVersion: 0, Reconnect: 1, MemoryGuard: 50 - 1, MacroProtect: 2 - 1, MemoryAddress: E611B2 - E61F68 - E61F70 - 8793718 - 8128AC8 - E8C578 - 9D0040 - 9CFC26
13:57:45 [HCDumpListRecv] Count: 113, MaxCount: 303
13:57:45 [HCDumpListRecv] Count: 113, MaxCount: 303
13:57:45 [HCDumpListRecv] Count: 77, MaxCount: 303
13:57:45 [HCChecksumListRecv] Count: 0, MaxCount: 0
13:57:45 [HCInternalListRecv] Count: 15, MaxCount: 15
13:57:45 [HCWindowListRecv] Count: 0, MaxCount: 0
13:57:46 [EntryProc] DumpListMaxCount: 303, ChecksumListMaxCount: 0, InternalListMaxCount: 15, WindowListMaxCount: 0
13:57:46 [CheckClientFile] #4
13:57:58 ----------------------------------------------------------------------------------------------------
13:57:58 [CheckSystemInformation] ClientVersion: 1.7.0, SystemVersion: 6.2.9200, MemoryUsage: 10402/16375mb
13:57:58 [SplashScreen] SplashType: 0, TextSwitch: 1, DisplayText: Licensed to: AlfaMu
13:57:58 [CHClientInfoSend] IsReconnect: 0, ClientFileCRC: 2DF6C4C5, HackVersion: 1.7.0, HardwareId: 08E3877F-A6CA84B3-C21F8D74-B905EDA2
13:57:58 [HCClientInfoRecv] Result: 0, EncDecKey: 0 - 0, InternalVersion: 0, Reconnect: 1, MemoryGuard: 50 - 1, MacroProtect: 2 - 1, MemoryAddress: E611B2 - E61F68 - E61F70 - 8793718 - 8128AC8 - E8C578 - 9D0040 - 9CFC26
13:57:58 [HCDumpListRecv] Count: 113, MaxCount: 303
13:57:58 [HCDumpListRecv] Count: 113, MaxCount: 303
13:57:58 [HCDumpListRecv] Count: 77, MaxCount: 303
13:57:58 [HCChecksumListRecv] Count: 0, MaxCount: 0
13:57:58 [HCInternalListRecv] Count: 15, MaxCount: 15
13:57:58 [HCWindowListRecv] Count: 0, MaxCount: 0
13:57:59 [EntryProc] DumpListMaxCount: 303, ChecksumListMaxCount: 0, InternalListMaxCount: 15, WindowListMaxCount: 0
13:57:59 [CheckClientFile] #4
14:04:27 ----------------------------------------------------------------------------------------------------
14:04:27 [CheckSystemInformation] ClientVersion: 1.7.0, SystemVersion: 6.2.9200, MemoryUsage: 9307/16375mb
14:04:27 [SplashScreen] SplashType: 0, TextSwitch: 1, DisplayText: Licensed to: AlfaMu
14:04:28 [CHClientInfoSend] IsReconnect: 0, ClientFileCRC: 2DF6C4C5, HackVersion: 1.7.0, HardwareId: 08E3877F-A6CA84B3-C21F8D74-B905EDA2
14:04:28 [HCClientInfoRecv] Result: 0, EncDecKey: 0 - 0, InternalVersion: 0, Reconnect: 1, MemoryGuard: 50 - 1, MacroProtect: 2 - 1, MemoryAddress: E611B2 - E61F68 - E61F70 - 8793718 - 8128AC8 - E8C578 - 9D0040 - 9CFC26
14:04:28 [HCDumpListRecv] Count: 113, MaxCount: 303
14:04:28 [HCDumpListRecv] Count: 113, MaxCount: 303
14:04:28 [HCDumpListRecv] Count: 77, MaxCount: 303
14:04:28 [HCChecksumListRecv] Count: 0, MaxCount: 0
14:04:28 [HCInternalListRecv] Count: 15, MaxCount: 15
14:04:28 [HCWindowListRecv] Count: 0, MaxCount: 0
14:04:28 [EntryProc] DumpListMaxCount: 303, ChecksumListMaxCount: 0, InternalListMaxCount: 15, WindowListMaxCount: 0
14:04:28 [CheckClientFile] #4
21:14:53 ----------------------------------------------------------------------------------------------------
21:14:53 [CheckSystemInformation] ClientVersion: 1.7.0, SystemVersion: 6.2.9200, MemoryUsage: 11975/16375mb
21:14:53 [SplashScreen] SplashType: 0, TextSwitch: 1, DisplayText: Licensed to: AlfaMu
21:14:53 [CHClientInfoSend] IsReconnect: 0, ClientFileCRC: 2DF6C4C5, HackVersion: 1.7.0, HardwareId: 08E3877F-A6CA84B3-C21F8D74-B905EDA2
21:14:53 [HCClientInfoRecv] Result: 0, EncDecKey: 0 - 0, InternalVersion: 0, Reconnect: 1, MemoryGuard: 50 - 1, MacroProtect: 2 - 1, MemoryAddress: E611B2 - E61F68 - E61F70 - 8793718 - 8128AC8 - E8C578 - 9D0040 - 9CFC26
21:14:53 [HCDumpListRecv] Count: 113, MaxCount: 292
21:14:53 [HCDumpListRecv] Count: 113, MaxCount: 292
21:14:53 [HCDumpListRecv] Count: 66, MaxCount: 292
21:14:53 [HCChecksumListRecv] Count: 0, MaxCount: 0
21:14:53 [HCInternalListRecv] Count: 15, MaxCount: 15
21:14:53 [HCWindowListRecv] Count: 0, MaxCount: 0
21:14:53 [EntryProc] DumpListMaxCount: 292, ChecksumListMaxCount: 0, InternalListMaxCount: 15, WindowListMaxCount: 0
21:14:53 [CheckClientFile] #4
