15:46:48 ----------------------------------------------------------------------------------------------------
15:46:48 [CheckSystemInformation] ClientVersion: 1.7.0, SystemVersion: 6.2.9200, MemoryUsage: 9772/16375mb
15:46:48 [SplashScreen] SplashType: 0, TextSwitch: 1, DisplayText: Licensed to: AlfaMu
15:46:48 [CHClientInfoSend] IsReconnect: 0, ClientFileCRC: 2DF6C4C5, HackVersion: 1.7.0, HardwareId: 08E3877F-A6CA84B3-C21F8D74-B905EDA2
15:46:48 [HCClientInfoRecv] Result: 0, EncDecKey: 0 - 0, InternalVersion: 0, Reconnect: 1, MemoryGuard: 50 - 1, MacroProtect: 2 - 0, MemoryAddress: E611B2 - E61F68 - E61F70 - 8793718 - 8128AC8 - E8C578 - 9D0040 - 9CFC26
15:46:48 [HCDumpListRecv] Count: 113, MaxCount: 2046
15:46:48 [HCDumpListRecv] Count: 113, MaxCount: 2046
15:46:48 [HCDumpListRecv] Count: 113, MaxCount: 2046
15:46:48 [HCDumpListRecv] Count: 113, MaxCount: 2046
15:46:48 [HCDumpListRecv] Count: 113, MaxCount: 2046
15:46:48 [HCDumpListRecv] Count: 113, MaxCount: 2046
15:46:48 [HCDumpListRecv] Count: 113, MaxCount: 2046
15:46:48 [HCDumpListRecv] Count: 113, MaxCount: 2046
15:46:48 [HCDumpListRecv] Count: 113, MaxCount: 2046
15:46:48 [HCDumpListRecv] Count: 113, MaxCount: 2046
15:46:48 [HCDumpListRecv] Count: 113, MaxCount: 2046
15:46:48 [HCDumpListRecv] Count: 113, MaxCount: 2046
15:46:48 [HCDumpListRecv] Count: 113, MaxCount: 2046
15:46:48 [HCDumpListRecv] Count: 113, MaxCount: 2046
15:46:48 [HCDumpListRecv] Count: 113, MaxCount: 2046
15:46:48 [HCDumpListRecv] Count: 113, MaxCount: 2046
15:46:48 [HCDumpListRecv] Count: 113, MaxCount: 2046
15:46:48 [HCDumpListRecv] Count: 113, MaxCount: 2046
15:46:48 [HCDumpListRecv] Count: 12, MaxCount: 2046
15:46:48 [HCChecksumListRecv] Count: 0, MaxCount: 0
15:46:48 [HCInternalListRecv] Count: 29, MaxCount: 29
15:46:48 [HCWindowListRecv] Count: 0, MaxCount: 0
15:46:49 [EntryProc] DumpListMaxCount: 2046, ChecksumListMaxCount: 0, InternalListMaxCount: 29, WindowListMaxCount: 0
15:46:49 [CheckClientFile] #4
15:47:12 ----------------------------------------------------------------------------------------------------
15:47:12 [CheckSystemInformation] ClientVersion: 1.7.0, SystemVersion: 6.2.9200, MemoryUsage: 9808/16375mb
15:47:12 [SplashScreen] SplashType: 0, TextSwitch: 1, DisplayText: Licensed to: AlfaMu
15:47:12 [CHClientInfoSend] IsReconnect: 0, ClientFileCRC: 945D21D2, HackVersion: 1.7.0, HardwareId: 08E3877F-A6CA84B3-C21F8D74-B905EDA2
15:47:12 [HCClientInfoRecv] Result: 0, EncDecKey: 0 - 0, InternalVersion: 0, Reconnect: 1, MemoryGuard: 50 - 1, MacroProtect: 2 - 0, MemoryAddress: E611B2 - E61F68 - E61F70 - 8793718 - 8128AC8 - E8C578 - 9D0040 - 9CFC26
15:47:12 [HCDumpListRecv] Count: 113, MaxCount: 2046
15:47:12 [HCDumpListRecv] Count: 113, MaxCount: 2046
15:47:12 [HCDumpListRecv] Count: 113, MaxCount: 2046
15:47:12 [HCDumpListRecv] Count: 113, MaxCount: 2046
15:47:12 [HCDumpListRecv] Count: 113, MaxCount: 2046
15:47:12 [HCDumpListRecv] Count: 113, MaxCount: 2046
15:47:12 [HCDumpListRecv] Count: 113, MaxCount: 2046
15:47:12 [HCDumpListRecv] Count: 113, MaxCount: 2046
15:47:12 [HCDumpListRecv] Count: 113, MaxCount: 2046
15:47:12 [HCDumpListRecv] Count: 113, MaxCount: 2046
15:47:12 [HCDumpListRecv] Count: 113, MaxCount: 2046
15:47:12 [HCDumpListRecv] Count: 113, MaxCount: 2046
15:47:12 [HCDumpListRecv] Count: 113, MaxCount: 2046
15:47:12 [HCDumpListRecv] Count: 113, MaxCount: 2046
15:47:12 [HCDumpListRecv] Count: 113, MaxCount: 2046
15:47:12 [HCDumpListRecv] Count: 113, MaxCount: 2046
15:47:12 [HCDumpListRecv] Count: 113, MaxCount: 2046
15:47:12 [HCDumpListRecv] Count: 113, MaxCount: 2046
15:47:12 [HCDumpListRecv] Count: 12, MaxCount: 2046
15:47:12 [HCChecksumListRecv] Count: 0, MaxCount: 0
15:47:12 [HCInternalListRecv] Count: 29, MaxCount: 29
15:47:12 [HCWindowListRecv] Count: 0, MaxCount: 0
15:47:12 [EntryProc] DumpListMaxCount: 2046, ChecksumListMaxCount: 0, InternalListMaxCount: 29, WindowListMaxCount: 0
15:47:14 [EntryProc] Initialization successful
15:56:57 ----------------------------------------------------------------------------------------------------
15:56:57 [CheckSystemInformation] ClientVersion: 1.7.0, SystemVersion: 6.2.9200, MemoryUsage: 7421/16375mb
15:56:57 [SplashScreen] SplashType: 0, TextSwitch: 1, DisplayText: Licensed to: AlfaMu
15:56:57 [CHClientInfoSend] IsReconnect: 0, ClientFileCRC: 945D21D2, HackVersion: 1.7.0, HardwareId: 08E3877F-A6CA84B3-C21F8D74-B905EDA2
15:56:57 [HCClientInfoRecv] Result: 0, EncDecKey: 0 - 0, InternalVersion: 0, Reconnect: 1, MemoryGuard: 50 - 1, MacroProtect: 2 - 0, MemoryAddress: E611B2 - E61F68 - E61F70 - 8793718 - 8128AC8 - E8C578 - 9D0040 - 9CFC26
15:56:57 [HCDumpListRecv] Count: 113, MaxCount: 2046
15:56:57 [HCDumpListRecv] Count: 113, MaxCount: 2046
15:56:57 [HCDumpListRecv] Count: 113, MaxCount: 2046
15:56:57 [HCDumpListRecv] Count: 113, MaxCount: 2046
15:56:57 [HCDumpListRecv] Count: 113, MaxCount: 2046
15:56:57 [HCDumpListRecv] Count: 113, MaxCount: 2046
15:56:57 [HCDumpListRecv] Count: 113, MaxCount: 2046
15:56:57 [HCDumpListRecv] Count: 113, MaxCount: 2046
15:56:57 [HCDumpListRecv] Count: 113, MaxCount: 2046
15:56:57 [HCDumpListRecv] Count: 113, MaxCount: 2046
15:56:57 [HCDumpListRecv] Count: 113, MaxCount: 2046
15:56:57 [HCDumpListRecv] Count: 113, MaxCount: 2046
15:56:57 [HCDumpListRecv] Count: 113, MaxCount: 2046
15:56:57 [HCDumpListRecv] Count: 113, MaxCount: 2046
15:56:57 [HCDumpListRecv] Count: 113, MaxCount: 2046
15:56:57 [HCDumpListRecv] Count: 113, MaxCount: 2046
15:56:57 [HCDumpListRecv] Count: 113, MaxCount: 2046
15:56:57 [HCDumpListRecv] Count: 113, MaxCount: 2046
15:56:57 [HCDumpListRecv] Count: 12, MaxCount: 2046
15:56:57 [HCChecksumListRecv] Count: 0, MaxCount: 0
15:56:57 [HCInternalListRecv] Count: 29, MaxCount: 29
15:56:57 [HCWindowListRecv] Count: 0, MaxCount: 0
15:56:58 [EntryProc] DumpListMaxCount: 2046, ChecksumListMaxCount: 0, InternalListMaxCount: 29, WindowListMaxCount: 0
15:57:00 [EntryProc] Initialization successful
16:39:24 ----------------------------------------------------------------------------------------------------
16:39:24 [CheckSystemInformation] ClientVersion: 1.7.0, SystemVersion: 6.2.9200, MemoryUsage: 9878/16375mb
16:39:25 [SplashScreen] SplashType: 0, TextSwitch: 1, DisplayText: Licensed to: AlfaMu
16:39:25 [CHClientInfoSend] IsReconnect: 0, ClientFileCRC: 412404CF, HackVersion: 1.7.0, HardwareId: 08E3877F-A6CA84B3-C21F8D74-B905EDA2
16:39:25 [HCClientInfoRecv] Result: 0, EncDecKey: 0 - 0, InternalVersion: 0, Reconnect: 1, MemoryGuard: 50 - 1, MacroProtect: 2 - 0, MemoryAddress: E611B2 - E61F68 - E61F70 - 8793718 - 8128AC8 - E8C578 - 9D0040 - 9CFC26
16:39:25 [HCDumpListRecv] Count: 113, MaxCount: 2046
16:39:25 [HCDumpListRecv] Count: 113, MaxCount: 2046
16:39:25 [HCDumpListRecv] Count: 113, MaxCount: 2046
16:39:25 [HCDumpListRecv] Count: 113, MaxCount: 2046
16:39:25 [HCDumpListRecv] Count: 113, MaxCount: 2046
16:39:25 [HCDumpListRecv] Count: 113, MaxCount: 2046
16:39:25 [HCDumpListRecv] Count: 113, MaxCount: 2046
16:39:25 [HCDumpListRecv] Count: 113, MaxCount: 2046
16:39:25 [HCDumpListRecv] Count: 113, MaxCount: 2046
16:39:25 [HCDumpListRecv] Count: 113, MaxCount: 2046
16:39:25 [HCDumpListRecv] Count: 113, MaxCount: 2046
16:39:25 [HCDumpListRecv] Count: 113, MaxCount: 2046
16:39:25 [HCDumpListRecv] Count: 113, MaxCount: 2046
16:39:25 [HCDumpListRecv] Count: 113, MaxCount: 2046
16:39:25 [HCDumpListRecv] Count: 113, MaxCount: 2046
16:39:25 [HCDumpListRecv] Count: 113, MaxCount: 2046
16:39:25 [HCDumpListRecv] Count: 113, MaxCount: 2046
16:39:25 [HCDumpListRecv] Count: 113, MaxCount: 2046
16:39:25 [HCDumpListRecv] Count: 12, MaxCount: 2046
16:39:25 [HCChecksumListRecv] Count: 0, MaxCount: 0
16:39:25 [HCInternalListRecv] Count: 29, MaxCount: 29
16:39:25 [HCWindowListRecv] Count: 0, MaxCount: 0
16:39:25 [EntryProc] DumpListMaxCount: 2046, ChecksumListMaxCount: 0, InternalListMaxCount: 29, WindowListMaxCount: 0
16:39:27 [EntryProc] Initialization successful
16:42:05 ----------------------------------------------------------------------------------------------------
16:42:05 [CheckSystemInformation] ClientVersion: 1.7.0, SystemVersion: 6.2.9200, MemoryUsage: 10327/16375mb
16:42:05 [SplashScreen] SplashType: 0, TextSwitch: 1, DisplayText: Licensed to: AlfaMu
16:42:05 [CHClientInfoSend] IsReconnect: 0, ClientFileCRC: 198B9613, HackVersion: 1.7.0, HardwareId: 08E3877F-A6CA84B3-C21F8D74-B905EDA2
16:42:05 [HCClientInfoRecv] Result: 0, EncDecKey: 0 - 0, InternalVersion: 0, Reconnect: 1, MemoryGuard: 50 - 1, MacroProtect: 2 - 0, MemoryAddress: E611B2 - E61F68 - E61F70 - 8793718 - 8128AC8 - E8C578 - 9D0040 - 9CFC26
16:42:05 [HCDumpListRecv] Count: 113, MaxCount: 2046
16:42:05 [HCDumpListRecv] Count: 113, MaxCount: 2046
16:42:05 [HCDumpListRecv] Count: 113, MaxCount: 2046
16:42:05 [HCDumpListRecv] Count: 113, MaxCount: 2046
16:42:05 [HCDumpListRecv] Count: 113, MaxCount: 2046
16:42:05 [HCDumpListRecv] Count: 113, MaxCount: 2046
16:42:05 [HCDumpListRecv] Count: 113, MaxCount: 2046
16:42:05 [HCDumpListRecv] Count: 113, MaxCount: 2046
16:42:05 [HCDumpListRecv] Count: 113, MaxCount: 2046
16:42:05 [HCDumpListRecv] Count: 113, MaxCount: 2046
16:42:05 [HCDumpListRecv] Count: 113, MaxCount: 2046
16:42:05 [HCDumpListRecv] Count: 113, MaxCount: 2046
16:42:05 [HCDumpListRecv] Count: 113, MaxCount: 2046
16:42:05 [HCDumpListRecv] Count: 113, MaxCount: 2046
16:42:05 [HCDumpListRecv] Count: 113, MaxCount: 2046
16:42:05 [HCDumpListRecv] Count: 113, MaxCount: 2046
16:42:05 [HCDumpListRecv] Count: 113, MaxCount: 2046
16:42:05 [HCDumpListRecv] Count: 113, MaxCount: 2046
16:42:05 [HCDumpListRecv] Count: 12, MaxCount: 2046
16:42:05 [HCChecksumListRecv] Count: 0, MaxCount: 0
16:42:05 [HCInternalListRecv] Count: 29, MaxCount: 29
16:42:05 [HCWindowListRecv] Count: 0, MaxCount: 0
16:42:05 [EntryProc] DumpListMaxCount: 2046, ChecksumListMaxCount: 0, InternalListMaxCount: 29, WindowListMaxCount: 0
16:42:07 [EntryProc] Initialization successful
