c:\alpha mu – 5.2 full 60 fps\source\main-files\source\voxdebug\main.pch
c:\alpha mu – 5.2 full 60 fps\source\main-files\source\voxdebug\vc145.pdb
c:\alpha mu – 5.2 full 60 fps\source\main-files\source\voxdebug\vc145.idb
c:\alpha mu – 5.2 full 60 fps\source\main-files\source\voxdebug\stdafx.obj
c:\alpha mu – 5.2 full 60 fps\source\main-files\source\voxdebug\bonemanager.obj
c:\alpha mu – 5.2 full 60 fps\source\main-files\source\voxdebug\button.obj
c:\alpha mu – 5.2 full 60 fps\source\main-files\source\voxdebug\cbtmessagebox.obj
c:\alpha mu – 5.2 full 60 fps\source\main-files\source\voxdebug\ccomgem.obj
c:\alpha mu – 5.2 full 60 fps\source\main-files\source\voxdebug\charactermanager.obj
c:\alpha mu – 5.2 full 60 fps\source\main-files\source\voxdebug\charinfoballoonmng.obj
c:\alpha mu – 5.2 full 60 fps\source\main-files\source\voxdebug\cmvp1stdirection.obj
c:\alpha mu – 5.2 full 60 fps\source\main-files\source\voxdebug\createfont.obj
c:\alpha mu – 5.2 full 60 fps\source\main-files\source\voxdebug\creditwin.obj
c:\alpha mu – 5.2 full 60 fps\source\main-files\source\voxdebug\csmapserver.obj
c:\alpha mu – 5.2 full 60 fps\source\main-files\source\voxdebug\cswaterterrain.obj
c:\alpha mu – 5.2 full 60 fps\source\main-files\source\voxdebug\customcape.obj
c:\alpha mu – 5.2 full 60 fps\source\main-files\source\voxdebug\charactername.obj
c:\alpha mu – 5.2 full 60 fps\source\main-files\source\voxdebug\customeffects.obj
c:\alpha mu – 5.2 full 60 fps\source\main-files\source\voxdebug\customeye.obj
c:\alpha mu – 5.2 full 60 fps\source\main-files\source\voxdebug\customitemfloor.obj
c:\alpha mu – 5.2 full 60 fps\source\main-files\source\voxdebug\custommeshglow.obj
c:\alpha mu – 5.2 full 60 fps\source\main-files\source\voxdebug\customsetaction.obj
c:\alpha mu – 5.2 full 60 fps\source\main-files\source\voxdebug\darkspirit.obj
c:\alpha mu – 5.2 full 60 fps\source\main-files\source\voxdebug\drawbaritem.obj
c:\alpha mu – 5.2 full 60 fps\source\main-files\source\voxdebug\elementpet.obj
c:\alpha mu – 5.2 full 60 fps\source\main-files\source\voxdebug\msgboxigsbuyconfirm.obj
c:\alpha mu – 5.2 full 60 fps\source\main-files\source\voxdebug\msgboxigscommon.obj
c:\alpha mu – 5.2 full 60 fps\source\main-files\source\voxdebug\msgboxigssendgiftconfirm.obj
c:\alpha mu – 5.2 full 60 fps\source\main-files\source\voxdebug\newuiingameshop.obj
c:\alpha mu – 5.2 full 60 fps\source\main-files\source\voxdebug\listmanager.obj
c:\alpha mu – 5.2 full 60 fps\source\main-files\source\voxdebug\shoplist.obj
c:\alpha mu – 5.2 full 60 fps\source\main-files\source\voxdebug\globalbitmap.obj
c:\alpha mu – 5.2 full 60 fps\source\main-files\source\voxdebug\gmbattlecastle.obj
c:\alpha mu – 5.2 full 60 fps\source\main-files\source\voxdebug\gmdoppelganger4.obj
c:\alpha mu – 5.2 full 60 fps\source\main-files\source\voxdebug\gmempireguardian1.obj
c:\alpha mu – 5.2 full 60 fps\source\main-files\source\voxdebug\gmempireguardian4.obj
c:\alpha mu – 5.2 full 60 fps\source\main-files\source\voxdebug\gmsantatown.obj
c:\alpha mu – 5.2 full 60 fps\source\main-files\source\voxdebug\gmswampofquiet.obj
c:\alpha mu – 5.2 full 60 fps\source\main-files\source\voxdebug\gm_kanturu_1st.obj
c:\alpha mu – 5.2 full 60 fps\source\main-files\source\voxdebug\gm_pk_field.obj
c:\alpha mu – 5.2 full 60 fps\source\main-files\source\voxdebug\gm_raklion.obj
c:\alpha mu – 5.2 full 60 fps\source\main-files\source\voxdebug\guildmanager.obj
c:\alpha mu – 5.2 full 60 fps\source\main-files\source\voxdebug\input.obj
c:\alpha mu – 5.2 full 60 fps\source\main-files\source\voxdebug\itemborder.obj
c:\alpha mu – 5.2 full 60 fps\source\main-files\source\voxdebug\itemmanager.obj
c:\alpha mu – 5.2 full 60 fps\source\main-files\source\voxdebug\itemsize.obj
c:\alpha mu – 5.2 full 60 fps\source\main-files\source\voxdebug\loadimages.obj
c:\alpha mu – 5.2 full 60 fps\source\main-files\source\voxdebug\luacharacterobject.obj
c:\alpha mu – 5.2 full 60 fps\source\main-files\source\voxdebug\luacloth.obj
c:\alpha mu – 5.2 full 60 fps\source\main-files\source\voxdebug\luaglobal.obj
c:\alpha mu – 5.2 full 60 fps\source\main-files\source\voxdebug\mapmanager.obj
c:\alpha mu – 5.2 full 60 fps\source\main-files\source\voxdebug\movecommanddata.obj
c:\alpha mu – 5.2 full 60 fps\source\main-files\source\voxdebug\newbloodcastlesystem.obj
c:\alpha mu – 5.2 full 60 fps\source\main-files\source\voxdebug\newui3drendermng.obj
c:\alpha mu – 5.2 full 60 fps\source\main-files\source\voxdebug\newuibuffwindow.obj
c:\alpha mu – 5.2 full 60 fps\source\main-files\source\voxdebug\newuicharacterinfowindow.obj
c:\alpha mu – 5.2 full 60 fps\source\main-files\source\voxdebug\newuicommandwindow.obj
c:\alpha mu – 5.2 full 60 fps\source\main-files\source\voxdebug\newuicursedtempleresult.obj
c:\alpha mu – 5.2 full 60 fps\source\main-files\source\voxdebug\newuiduelwatchmainframewindow.obj
c:\alpha mu – 5.2 full 60 fps\source\main-files\source\voxdebug\newuiempireguardiannpc.obj
c:\alpha mu – 5.2 full 60 fps\source\main-files\source\voxdebug\newuifriendwindow.obj
c:\alpha mu – 5.2 full 60 fps\source\main-files\source\voxdebug\newuigoldbowmanlena.obj
c:\alpha mu – 5.2 full 60 fps\source\main-files\source\voxdebug\newuiguildmakewindow.obj
c:\alpha mu – 5.2 full 60 fps\source\main-files\source\voxdebug\newuiinventoryctrl.obj
c:\alpha mu – 5.2 full 60 fps\source\main-files\source\voxdebug\newuikanturuevent.obj
c:\alpha mu – 5.2 full 60 fps\source\main-files\source\voxdebug\newuiminimap.obj
c:\alpha mu – 5.2 full 60 fps\source\main-files\source\voxdebug\newuimyquestinfowindow.obj
c:\alpha mu – 5.2 full 60 fps\source\main-files\source\voxdebug\newuinpcquest.obj
c:\alpha mu – 5.2 full 60 fps\source\main-files\source\voxdebug\newuipartylistwindow.obj
c:\alpha mu – 5.2 full 60 fps\source\main-files\source\voxdebug\newuiquestprogressbyetc.obj
c:\alpha mu – 5.2 full 60 fps\source\main-files\source\voxdebug\newuisetitemexplanation.obj
c:\alpha mu – 5.2 full 60 fps\source\main-files\source\voxdebug\newuisiegewarsoldier.obj
c:\alpha mu – 5.2 full 60 fps\source\main-files\source\voxdebug\newuitrade.obj
c:\alpha mu – 5.2 full 60 fps\source\main-files\source\voxdebug\npccatapult.obj
c:\alpha mu – 5.2 full 60 fps\source\main-files\source\voxdebug\npcgateswitch.obj
c:\alpha mu – 5.2 full 60 fps\source\main-files\source\voxdebug\physicsmanager.obj
c:\alpha mu – 5.2 full 60 fps\source\main-files\source\voxdebug\servergroup.obj
c:\alpha mu – 5.2 full 60 fps\source\main-files\source\voxdebug\serverinfo.obj
c:\alpha mu – 5.2 full 60 fps\source\main-files\source\voxdebug\servermsgwin.obj
c:\alpha mu – 5.2 full 60 fps\source\main-files\source\voxdebug\shadowvolume.obj
c:\alpha mu – 5.2 full 60 fps\source\main-files\source\voxdebug\sidehair.obj
c:\alpha mu – 5.2 full 60 fps\source\main-files\source\voxdebug\skilleffectmgr.obj
c:\alpha mu – 5.2 full 60 fps\source\main-files\source\voxdebug\slider.obj
c:\alpha mu – 5.2 full 60 fps\source\main-files\source\voxdebug\socketsystem.obj
c:\alpha mu – 5.2 full 60 fps\source\main-files\source\voxdebug\sysmenuwin.obj
c:\alpha mu – 5.2 full 60 fps\source\main-files\source\voxdebug\uidefaultbase.obj
c:\alpha mu – 5.2 full 60 fps\source\main-files\source\voxdebug\uiguardsman.obj
c:\alpha mu – 5.2 full 60 fps\source\main-files\source\voxdebug\uijewelharmony.obj
c:\alpha mu – 5.2 full 60 fps\source\main-files\source\voxdebug\uipopup.obj
c:\alpha mu – 5.2 full 60 fps\source\main-files\source\voxdebug\debugangel.obj
c:\alpha mu – 5.2 full 60 fps\source\main-files\source\voxdebug\errorreport.obj
c:\alpha mu – 5.2 full 60 fps\source\main-files\source\voxdebug\newuicommonmessagebox.obj
c:\alpha mu – 5.2 full 60 fps\source\main-files\source\voxdebug\w_buffstatesystem.obj
c:\alpha mu – 5.2 full 60 fps\source\main-files\source\voxdebug\w_buffstatevaluecontrol.obj
c:\alpha mu – 5.2 full 60 fps\source\main-files\source\voxdebug\w_mapprocess.obj
c:\alpha mu – 5.2 full 60 fps\source\main-files\source\voxdebug\w_objectinfo.obj
c:\alpha mu – 5.2 full 60 fps\source\main-files\source\voxdebug\w_petactioncollecter.obj
c:\alpha mu – 5.2 full 60 fps\source\main-files\source\voxdebug\zzzai.obj
c:\alpha mu – 5.2 full 60 fps\source\main-files\source\voxdebug\zzzeffectfireleave.obj
c:\alpha mu – 5.2 full 60 fps\source\main-files\source\voxdebug\zzzinfomation.obj
c:\alpha mu – 5.2 full 60 fps\source\main-files\source\voxdebug\zzzopenglutil.obj
c:\alpha mu – 5.2 full 60 fps\source\main-files\source\voxdebug\_globalfunctions.obj
c:\alpha mu – 5.2 full 60 fps\source\main-files\source\voxdebug\blackwin.obj
c:\alpha mu – 5.2 full 60 fps\source\main-files\source\voxdebug\buffcolorsm.obj
c:\alpha mu – 5.2 full 60 fps\source\main-files\source\voxdebug\camera3d.obj
c:\alpha mu – 5.2 full 60 fps\source\main-files\source\voxdebug\characterlist.obj
c:\alpha mu – 5.2 full 60 fps\source\main-files\source\voxdebug\ckanturudirection.obj
c:\alpha mu – 5.2 full 60 fps\source\main-files\source\voxdebug\controller.obj
c:\alpha mu – 5.2 full 60 fps\source\main-files\source\voxdebug\cseventmatch.obj
c:\alpha mu – 5.2 full 60 fps\source\main-files\source\voxdebug\cspetsystem.obj
c:\alpha mu – 5.2 full 60 fps\source\main-files\source\voxdebug\customitemedge.obj
c:\alpha mu – 5.2 full 60 fps\source\main-files\source\voxdebug\customitemforce.obj
c:\alpha mu – 5.2 full 60 fps\source\main-files\source\voxdebug\custommodelaction.obj
c:\alpha mu – 5.2 full 60 fps\source\main-files\source\voxdebug\customseteffect.obj
c:\alpha mu – 5.2 full 60 fps\source\main-files\source\voxdebug\disableexcellent.obj
c:\alpha mu – 5.2 full 60 fps\source\main-files\source\voxdebug\dswaveio.obj
c:\alpha mu – 5.2 full 60 fps\source\main-files\source\voxdebug\duelmgr.obj
c:\alpha mu – 5.2 full 60 fps\source\main-files\source\voxdebug\ftpconnecter.obj
c:\alpha mu – 5.2 full 60 fps\source\main-files\source\voxdebug\ingameshopsystem.obj
c:\alpha mu – 5.2 full 60 fps\source\main-files\source\voxdebug\msgboxigsdeleteitemconfirm.obj
c:\alpha mu – 5.2 full 60 fps\source\main-files\source\voxdebug\msgboxigsstorageiteminfo.obj
c:\alpha mu – 5.2 full 60 fps\source\main-files\source\voxdebug\bannerinfolist.obj
c:\alpha mu – 5.2 full 60 fps\source\main-files\source\voxdebug\shopcategorylist.obj
c:\alpha mu – 5.2 full 60 fps\source\main-files\source\voxdebug\shoppackage.obj
c:\alpha mu – 5.2 full 60 fps\source\main-files\source\voxdebug\shopproductlist.obj
c:\alpha mu – 5.2 full 60 fps\source\main-files\source\voxdebug\gaugebar.obj
c:\alpha mu – 5.2 full 60 fps\source\main-files\source\voxdebug\gmaida.obj
c:\alpha mu – 5.2 full 60 fps\source\main-files\source\voxdebug\gmcrywolf1st.obj
c:\alpha mu – 5.2 full 60 fps\source\main-files\source\voxdebug\gmempireguardian2.obj
c:\alpha mu – 5.2 full 60 fps\source\main-files\source\voxdebug\gmhuntingground.obj
c:\alpha mu – 5.2 full 60 fps\source\main-files\source\voxdebug\gm_kanturu_3rd.obj
c:\alpha mu – 5.2 full 60 fps\source\main-files\source\voxdebug\goboid.obj
c:\alpha mu – 5.2 full 60 fps\source\main-files\source\voxdebug\healthbar.obj
c:\alpha mu – 5.2 full 60 fps\source\main-files\source\voxdebug\hunting.obj
c:\alpha mu – 5.2 full 60 fps\source\main-files\source\voxdebug\itemposition.obj
c:\alpha mu – 5.2 full 60 fps\source\main-files\source\voxdebug\keygenerater.obj
c:\alpha mu – 5.2 full 60 fps\source\main-files\source\voxdebug\loaddata.obj
c:\alpha mu – 5.2 full 60 fps\source\main-files\source\voxdebug\loadingscene.obj
c:\alpha mu – 5.2 full 60 fps\source\main-files\source\voxdebug\local.obj
c:\alpha mu – 5.2 full 60 fps\source\main-files\source\voxdebug\loginmainwin.obj
c:\alpha mu – 5.2 full 60 fps\source\main-files\source\voxdebug\luadecrypt.obj
c:\alpha mu – 5.2 full 60 fps\source\main-files\source\voxdebug\luaeffects.obj
c:\alpha mu – 5.2 full 60 fps\source\main-files\source\voxdebug\luainterface.obj
c:\alpha mu – 5.2 full 60 fps\source\main-files\source\voxdebug\luauser.obj
c:\alpha mu – 5.2 full 60 fps\source\main-files\source\voxdebug\matchevent.obj
c:\alpha mu – 5.2 full 60 fps\source\main-files\source\voxdebug\messagecolor.obj
c:\alpha mu – 5.2 full 60 fps\source\main-files\source\voxdebug\monksystem.obj
c:\alpha mu – 5.2 full 60 fps\source\main-files\source\voxdebug\monsterglow.obj
c:\alpha mu – 5.2 full 60 fps\source\main-files\source\voxdebug\monsteritem.obj
c:\alpha mu – 5.2 full 60 fps\source\main-files\source\voxdebug\movewindow.obj
c:\alpha mu – 5.2 full 60 fps\source\main-files\source\voxdebug\moviescene.obj
c:\alpha mu – 5.2 full 60 fps\source\main-files\source\voxdebug\multilanguage.obj
c:\alpha mu – 5.2 full 60 fps\source\main-files\source\voxdebug\newinventory.obj
c:\alpha mu – 5.2 full 60 fps\source\main-files\source\voxdebug\newuibloodcastletime.obj
c:\alpha mu – 5.2 full 60 fps\source\main-files\source\voxdebug\newuicatapultwindow.obj
c:\alpha mu – 5.2 full 60 fps\source\main-files\source\voxdebug\newuicheckbox.obj
c:\alpha mu – 5.2 full 60 fps\source\main-files\source\voxdebug\newuicommon.obj
c:\alpha mu – 5.2 full 60 fps\source\main-files\source\voxdebug\newuicursedtemplesystem.obj
c:\alpha mu – 5.2 full 60 fps\source\main-files\source\voxdebug\newuiduelwatchuserlistwindow.obj
c:\alpha mu – 5.2 full 60 fps\source\main-files\source\voxdebug\newuiempireguardiantimer.obj
c:\alpha mu – 5.2 full 60 fps\source\main-files\source\voxdebug\newuigatemanwindow.obj
c:\alpha mu – 5.2 full 60 fps\source\main-files\source\voxdebug\newuigroup.obj
c:\alpha mu – 5.2 full 60 fps\source\main-files\source\voxdebug\newuiguardwindow.obj
c:\alpha mu – 5.2 full 60 fps\source\main-files\source\voxdebug\newuiheropositioninfo.obj
c:\alpha mu – 5.2 full 60 fps\source\main-files\source\voxdebug\newuiitemexplanationwindow.obj
c:\alpha mu – 5.2 full 60 fps\source\main-files\source\voxdebug\newuimessagebox.obj
c:\alpha mu – 5.2 full 60 fps\source\main-files\source\voxdebug\newuimovecommandwindow.obj
c:\alpha mu – 5.2 full 60 fps\source\main-files\source\voxdebug\newuinamewindow.obj
c:\alpha mu – 5.2 full 60 fps\source\main-files\source\voxdebug\newuinpcshop.obj
c:\alpha mu – 5.2 full 60 fps\source\main-files\source\voxdebug\newuipetinfowindow.obj
c:\alpha mu – 5.2 full 60 fps\source\main-files\source\voxdebug\newuiquickcommandwindow.obj
c:\alpha mu – 5.2 full 60 fps\source\main-files\source\voxdebug\newuisiegewarbase.obj
c:\alpha mu – 5.2 full 60 fps\source\main-files\source\voxdebug\newuislidewindow.obj
c:\alpha mu – 5.2 full 60 fps\source\main-files\source\voxdebug\newuisystem.obj
c:\alpha mu – 5.2 full 60 fps\source\main-files\source\voxdebug\newuiwindowmenu.obj
c:\alpha mu – 5.2 full 60 fps\source\main-files\source\voxdebug\packetmanager.obj
c:\alpha mu – 5.2 full 60 fps\source\main-files\source\voxdebug\partybuff.obj
c:\alpha mu – 5.2 full 60 fps\source\main-files\source\voxdebug\partymanager.obj
c:\alpha mu – 5.2 full 60 fps\source\main-files\source\voxdebug\personalshoptitleimp.obj
c:\alpha mu – 5.2 full 60 fps\source\main-files\source\voxdebug\rendermodel.obj
c:\alpha mu – 5.2 full 60 fps\source\main-files\source\voxdebug\runecoloreffect.obj
c:\alpha mu – 5.2 full 60 fps\source\main-files\source\voxdebug\serverlistmanager.obj
c:\alpha mu – 5.2 full 60 fps\source\main-files\source\voxdebug\servername.obj
c:\alpha mu – 5.2 full 60 fps\source\main-files\source\voxdebug\serverselwin.obj
c:\alpha mu – 5.2 full 60 fps\source\main-files\source\voxdebug\testeventmap.obj
c:\alpha mu – 5.2 full 60 fps\source\main-files\source\voxdebug\texturescript.obj
c:\alpha mu – 5.2 full 60 fps\source\main-files\source\voxdebug\ctimcheck.obj
c:\alpha mu – 5.2 full 60 fps\source\main-files\source\voxdebug\timer.obj
c:\alpha mu – 5.2 full 60 fps\source\main-files\source\voxdebug\tradex.obj
c:\alpha mu – 5.2 full 60 fps\source\main-files\source\voxdebug\uiguildinfo.obj
c:\alpha mu – 5.2 full 60 fps\source\main-files\source\voxdebug\uimanager.obj
c:\alpha mu – 5.2 full 60 fps\source\main-files\source\voxdebug\usefuldef.obj
c:\alpha mu – 5.2 full 60 fps\source\main-files\source\voxdebug\muconsoledebug.obj
c:\alpha mu – 5.2 full 60 fps\source\main-files\source\voxdebug\windowsconsole.obj
c:\alpha mu – 5.2 full 60 fps\source\main-files\source\voxdebug\memorylock.obj
c:\alpha mu – 5.2 full 60 fps\source\main-files\source\voxdebug\visualdescriptions.obj
c:\alpha mu – 5.2 full 60 fps\source\main-files\source\voxdebug\newuicustommessagebox.obj
c:\alpha mu – 5.2 full 60 fps\source\main-files\source\voxdebug\w_bufftimecontrol.obj
c:\alpha mu – 5.2 full 60 fps\source\main-files\source\voxdebug\w_petactioncollecter_add.obj
c:\alpha mu – 5.2 full 60 fps\source\main-files\source\voxdebug\zzzbmd.obj
c:\alpha mu – 5.2 full 60 fps\source\main-files\source\voxdebug\zzzeffectblurspark.obj
c:\alpha mu – 5.2 full 60 fps\source\main-files\source\voxdebug\zzzeffectjoint.obj
c:\alpha mu – 5.2 full 60 fps\source\main-files\source\voxdebug\zzzeffectparticle.obj
c:\alpha mu – 5.2 full 60 fps\source\main-files\source\voxdebug\zzzopendata.obj
c:\alpha mu – 5.2 full 60 fps\source\main-files\source\voxdebug\buffcolorbk.obj
c:\alpha mu – 5.2 full 60 fps\source\main-files\source\voxdebug\cameramove.obj
c:\alpha mu – 5.2 full 60 fps\source\main-files\source\voxdebug\ccrc32.obj
c:\alpha mu – 5.2 full 60 fps\source\main-files\source\voxdebug\cdirection.obj
c:\alpha mu – 5.2 full 60 fps\source\main-files\source\voxdebug\charinfoballoon.obj
c:\alpha mu – 5.2 full 60 fps\source\main-files\source\voxdebug\charmakewin.obj
c:\alpha mu – 5.2 full 60 fps\source\main-files\source\voxdebug\counteritem.obj
c:\alpha mu – 5.2 full 60 fps\source\main-files\source\voxdebug\csitemoption.obj
c:\alpha mu – 5.2 full 60 fps\source\main-files\source\voxdebug\csquest.obj
c:\alpha mu – 5.2 full 60 fps\source\main-files\source\voxdebug\customwing.obj
c:\alpha mu – 5.2 full 60 fps\source\main-files\source\voxdebug\darkspiritview.obj
c:\alpha mu – 5.2 full 60 fps\source\main-files\source\voxdebug\descriptions.obj
c:\alpha mu – 5.2 full 60 fps\source\main-files\source\voxdebug\callstackdmp.obj
c:\alpha mu – 5.2 full 60 fps\source\main-files\source\voxdebug\checkintegrity.obj
c:\alpha mu – 5.2 full 60 fps\source\main-files\source\voxdebug\exceptionhandler.obj
c:\alpha mu – 5.2 full 60 fps\source\main-files\source\voxdebug\html_log.obj
c:\alpha mu – 5.2 full 60 fps\source\main-files\source\voxdebug\peimage.obj
c:\alpha mu – 5.2 full 60 fps\source\main-files\source\voxdebug\xortrans.obj
c:\alpha mu – 5.2 full 60 fps\source\main-files\source\voxdebug\xstreambuf.obj
c:\alpha mu – 5.2 full 60 fps\source\main-files\source\voxdebug\downloadinfo.obj
c:\alpha mu – 5.2 full 60 fps\source\main-files\source\voxdebug\msgboxigsbuyselectitem.obj
c:\alpha mu – 5.2 full 60 fps\source\main-files\source\voxdebug\msgboxigssendgift.obj
c:\alpha mu – 5.2 full 60 fps\source\main-files\source\voxdebug\msgboxigsusebuffconfirm.obj
c:\alpha mu – 5.2 full 60 fps\source\main-files\source\voxdebug\bannerinfo.obj
c:\alpha mu – 5.2 full 60 fps\source\main-files\source\voxdebug\path.obj
c:\alpha mu – 5.2 full 60 fps\source\main-files\source\voxdebug\shoppackagelist.obj
c:\alpha mu – 5.2 full 60 fps\source\main-files\source\voxdebug\stringmethod.obj
c:\alpha mu – 5.2 full 60 fps\source\main-files\source\voxdebug\gipetmanager.obj
c:\alpha mu – 5.2 full 60 fps\source\main-files\source\voxdebug\gmdoppelganger2.obj
c:\alpha mu – 5.2 full 60 fps\source\main-files\source\voxdebug\gmdoppelganger3.obj
c:\alpha mu – 5.2 full 60 fps\source\main-files\source\voxdebug\gmduelarena.obj
c:\alpha mu – 5.2 full 60 fps\source\main-files\source\voxdebug\gmempireguardian3.obj
c:\alpha mu – 5.2 full 60 fps\source\main-files\source\voxdebug\gmhellas.obj
c:\alpha mu – 5.2 full 60 fps\source\main-files\source\voxdebug\guildcache.obj
c:\alpha mu – 5.2 full 60 fps\source\main-files\source\voxdebug\helperview.obj
c:\alpha mu – 5.2 full 60 fps\source\main-files\source\voxdebug\loginwin.obj
c:\alpha mu – 5.2 full 60 fps\source\main-files\source\voxdebug\luaeffectsnormal.obj
c:\alpha mu – 5.2 full 60 fps\source\main-files\source\voxdebug\luaitemobject.obj
c:\alpha mu – 5.2 full 60 fps\source\main-files\source\voxdebug\luaobject.obj
c:\alpha mu – 5.2 full 60 fps\source\main-files\source\voxdebug\luasocket.obj
c:\alpha mu – 5.2 full 60 fps\source\main-files\source\voxdebug\zzzmathlib.obj
c:\alpha mu – 5.2 full 60 fps\source\main-files\source\voxdebug\mixmgr.obj
c:\alpha mu – 5.2 full 60 fps\source\main-files\source\voxdebug\monsters.obj
c:\alpha mu – 5.2 full 60 fps\source\main-files\source\voxdebug\newchaoscastlesystem.obj
c:\alpha mu – 5.2 full 60 fps\source\main-files\source\voxdebug\newuibloodcastleenter.obj
c:\alpha mu – 5.2 full 60 fps\source\main-files\source\voxdebug\newuichaoscastletime.obj
c:\alpha mu – 5.2 full 60 fps\source\main-files\source\voxdebug\newuichatlogwindow.obj
c:\alpha mu – 5.2 full 60 fps\source\main-files\source\voxdebug\newuicursedtempleenter.obj
c:\alpha mu – 5.2 full 60 fps\source\main-files\source\voxdebug\newuidoppelgangerwindow.obj
c:\alpha mu – 5.2 full 60 fps\source\main-files\source\voxdebug\newuiduelwindow.obj
c:\alpha mu – 5.2 full 60 fps\source\main-files\source\voxdebug\newuienterdevilsquare.obj
c:\alpha mu – 5.2 full 60 fps\source\main-files\source\voxdebug\newuigateswitchwindow.obj
c:\alpha mu – 5.2 full 60 fps\source\main-files\source\voxdebug\newuigoldbowmanwindow.obj
c:\alpha mu – 5.2 full 60 fps\source\main-files\source\voxdebug\newuihelpwindow.obj
c:\alpha mu – 5.2 full 60 fps\source\main-files\source\voxdebug\newuiitemenduranceinfo.obj
c:\alpha mu – 5.2 full 60 fps\source\main-files\source\voxdebug\newuimainframewindow.obj
c:\alpha mu – 5.2 full 60 fps\source\main-files\source\voxdebug\newuimixinventory.obj
c:\alpha mu – 5.2 full 60 fps\source\main-files\source\voxdebug\newuimyshopinventory.obj
c:\alpha mu – 5.2 full 60 fps\source\main-files\source\voxdebug\newuioptionwindow.obj
c:\alpha mu – 5.2 full 60 fps\source\main-files\source\voxdebug\newuipurchaseshopinventory.obj
c:\alpha mu – 5.2 full 60 fps\source\main-files\source\voxdebug\newuiregistrationluckycoin.obj
c:\alpha mu – 5.2 full 60 fps\source\main-files\source\voxdebug\newuisiegewarcommander.obj
c:\alpha mu – 5.2 full 60 fps\source\main-files\source\voxdebug\newuistorageinventory.obj
c:\alpha mu – 5.2 full 60 fps\source\main-files\source\voxdebug\newuiunitedmarketplacewindow.obj
c:\alpha mu – 5.2 full 60 fps\source\main-files\source\voxdebug\observer.obj
c:\alpha mu – 5.2 full 60 fps\source\main-files\source\voxdebug\optionwin.obj
c:\alpha mu – 5.2 full 60 fps\source\main-files\source\voxdebug\portalmgr.obj
c:\alpha mu – 5.2 full 60 fps\source\main-files\source\voxdebug\protect.obj
c:\alpha mu – 5.2 full 60 fps\source\main-files\source\voxdebug\protocolsend.obj
c:\alpha mu – 5.2 full 60 fps\source\main-files\source\voxdebug\reconnect.obj
c:\alpha mu – 5.2 full 60 fps\source\main-files\source\voxdebug\skillmanager.obj
c:\alpha mu – 5.2 full 60 fps\source\main-files\source\voxdebug\smd.obj
c:\alpha mu – 5.2 full 60 fps\source\main-files\source\voxdebug\smd2bmd.obj
c:\alpha mu – 5.2 full 60 fps\source\main-files\source\voxdebug\summoneeffect.obj
c:\alpha mu – 5.2 full 60 fps\source\main-files\source\voxdebug\uigatekeeper.obj
c:\alpha mu – 5.2 full 60 fps\source\main-files\source\voxdebug\uiguildmaster.obj
c:\alpha mu – 5.2 full 60 fps\source\main-files\source\voxdebug\uimapname.obj
c:\alpha mu – 5.2 full 60 fps\source\main-files\source\voxdebug\uiwindows.obj
c:\alpha mu – 5.2 full 60 fps\source\main-files\source\voxdebug\winex.obj
c:\alpha mu – 5.2 full 60 fps\source\main-files\source\voxdebug\wsctlc.obj
c:\alpha mu – 5.2 full 60 fps\source\main-files\source\voxdebug\w_basepet.obj
c:\alpha mu – 5.2 full 60 fps\source\main-files\source\voxdebug\w_buff.obj
c:\alpha mu – 5.2 full 60 fps\source\main-files\source\voxdebug\w_buffscriptloader.obj
c:\alpha mu – 5.2 full 60 fps\source\main-files\source\voxdebug\w_characterinfo.obj
c:\alpha mu – 5.2 full 60 fps\source\main-files\source\voxdebug\w_cursedtemple.obj
c:\alpha mu – 5.2 full 60 fps\source\main-files\source\voxdebug\w_petactionstand.obj
c:\alpha mu – 5.2 full 60 fps\source\main-files\source\voxdebug\w_petprocess.obj
c:\alpha mu – 5.2 full 60 fps\source\main-files\source\voxdebug\zzzcharacter.obj
c:\alpha mu – 5.2 full 60 fps\source\main-files\source\voxdebug\zzzlodterrain.obj
c:\alpha mu – 5.2 full 60 fps\source\main-files\source\voxdebug\zzzmixinvetory.obj
c:\alpha mu – 5.2 full 60 fps\source\main-files\source\voxdebug\zzzpath.obj
c:\alpha mu – 5.2 full 60 fps\source\main-files\source\voxdebug\zzztexture.obj
c:\alpha mu – 5.2 full 60 fps\source\main-files\source\voxdebug\autopotion.obj
c:\alpha mu – 5.2 full 60 fps\source\main-files\source\voxdebug\changeringmanager.obj
c:\alpha mu – 5.2 full 60 fps\source\main-files\source\voxdebug\chaosgenesis.obj
c:\alpha mu – 5.2 full 60 fps\source\main-files\source\voxdebug\charselmainwin.obj
c:\alpha mu – 5.2 full 60 fps\source\main-files\source\voxdebug\cschaoscastle.obj
c:\alpha mu – 5.2 full 60 fps\source\main-files\source\voxdebug\csparts.obj
c:\alpha mu – 5.2 full 60 fps\source\main-files\source\voxdebug\custombow.obj
c:\alpha mu – 5.2 full 60 fps\source\main-files\source\voxdebug\customcolorchat.obj
c:\alpha mu – 5.2 full 60 fps\source\main-files\source\voxdebug\customjewel.obj
c:\alpha mu – 5.2 full 60 fps\source\main-files\source\voxdebug\customjewelstack.obj
c:\alpha mu – 5.2 full 60 fps\source\main-files\source\voxdebug\customringtransform.obj
c:\alpha mu – 5.2 full 60 fps\source\main-files\source\voxdebug\customtitleitem.obj
c:\alpha mu – 5.2 full 60 fps\source\main-files\source\voxdebug\deathstabcolor.obj
c:\alpha mu – 5.2 full 60 fps\source\main-files\source\voxdebug\dsplaysound.obj
c:\alpha mu – 5.2 full 60 fps\source\main-files\source\voxdebug\event.obj
c:\alpha mu – 5.2 full 60 fps\source\main-files\source\voxdebug\stdleaf.obj
c:\alpha mu – 5.2 full 60 fps\source\main-files\source\voxdebug\sysinfo.obj
c:\alpha mu – 5.2 full 60 fps\source\main-files\source\voxdebug\gamblesystem.obj
c:\alpha mu – 5.2 full 60 fps\source\main-files\source\voxdebug\gamecensorship.obj
c:\alpha mu – 5.2 full 60 fps\source\main-files\source\voxdebug\filedownloader.obj
c:\alpha mu – 5.2 full 60 fps\source\main-files\source\voxdebug\httpconnecter.obj
c:\alpha mu – 5.2 full 60 fps\source\main-files\source\voxdebug\msgboxigsbuypackageitem.obj
c:\alpha mu – 5.2 full 60 fps\source\main-files\source\voxdebug\msgboxigsgiftstorageiteminfo.obj
c:\alpha mu – 5.2 full 60 fps\source\main-files\source\voxdebug\msgboxigsuseitemconfirm.obj
c:\alpha mu – 5.2 full 60 fps\source\main-files\source\voxdebug\bannerlistmanager.obj
c:\alpha mu – 5.2 full 60 fps\source\main-files\source\voxdebug\ftpfiledownloader.obj
c:\alpha mu – 5.2 full 60 fps\source\main-files\source\voxdebug\wzresult.obj
c:\alpha mu – 5.2 full 60 fps\source\main-files\source\voxdebug\shopcategory.obj
c:\alpha mu – 5.2 full 60 fps\source\main-files\source\voxdebug\shoplistmanager.obj
c:\alpha mu – 5.2 full 60 fps\source\main-files\source\voxdebug\shopproduct.obj
c:\alpha mu – 5.2 full 60 fps\source\main-files\source\voxdebug\stringtoken.obj
c:\alpha mu – 5.2 full 60 fps\source\main-files\source\voxdebug\gm3rdchangeup.obj
c:\alpha mu – 5.2 full 60 fps\source\main-files\source\voxdebug\gmcryingwolf2nd.obj
c:\alpha mu – 5.2 full 60 fps\source\main-files\source\voxdebug\gmdoppelganger1.obj
c:\alpha mu – 5.2 full 60 fps\source\main-files\source\voxdebug\gmkarutan1.obj
c:\alpha mu – 5.2 full 60 fps\source\main-files\source\voxdebug\gmnewtown.obj
c:\alpha mu – 5.2 full 60 fps\source\main-files\source\voxdebug\gmunitedmarketplace.obj
c:\alpha mu – 5.2 full 60 fps\source\main-files\source\voxdebug\gm_kanturu_2nd.obj
c:\alpha mu – 5.2 full 60 fps\source\main-files\source\voxdebug\helpermanager.obj
c:\alpha mu – 5.2 full 60 fps\source\main-files\source\voxdebug\helpersystem.obj
c:\alpha mu – 5.2 full 60 fps\source\main-files\source\voxdebug\itemaddoptioninfo.obj
c:\alpha mu – 5.2 full 60 fps\source\main-files\source\voxdebug\lua.obj
c:\alpha mu – 5.2 full 60 fps\source\main-files\source\voxdebug\luabmd.obj
c:\alpha mu – 5.2 full 60 fps\source\main-files\source\voxdebug\luacharacter.obj
c:\alpha mu – 5.2 full 60 fps\source\main-files\source\voxdebug\luaopenfolder.obj
c:\alpha mu – 5.2 full 60 fps\source\main-files\source\voxdebug\luareload.obj
c:\alpha mu – 5.2 full 60 fps\source\main-files\source\voxdebug\monstereffect.obj
c:\alpha mu – 5.2 full 60 fps\source\main-files\source\voxdebug\monstername.obj
c:\alpha mu – 5.2 full 60 fps\source\main-files\source\voxdebug\msgwin.obj
c:\alpha mu – 5.2 full 60 fps\source\main-files\source\voxdebug\newsounds.obj
c:\alpha mu – 5.2 full 60 fps\source\main-files\source\voxdebug\newuibattlesoccerscore.obj
c:\alpha mu – 5.2 full 60 fps\source\main-files\source\voxdebug\newuibutton.obj
c:\alpha mu – 5.2 full 60 fps\source\main-files\source\voxdebug\newuicastlewindow.obj
c:\alpha mu – 5.2 full 60 fps\source\main-files\source\voxdebug\newuichatinputbox.obj
c:\alpha mu – 5.2 full 60 fps\source\main-files\source\voxdebug\newuicrywolf.obj
c:\alpha mu – 5.2 full 60 fps\source\main-files\source\voxdebug\newuidoppelgangerframe.obj
c:\alpha mu – 5.2 full 60 fps\source\main-files\source\voxdebug\newuiduelwatchwindow.obj
c:\alpha mu – 5.2 full 60 fps\source\main-files\source\voxdebug\newuiexchangeluckycoin.obj
c:\alpha mu – 5.2 full 60 fps\source\main-files\source\voxdebug\newuigensranking.obj
c:\alpha mu – 5.2 full 60 fps\source\main-files\source\voxdebug\newuiguildinfowindow.obj
c:\alpha mu – 5.2 full 60 fps\source\main-files\source\voxdebug\newuihotkey.obj
c:\alpha mu – 5.2 full 60 fps\source\main-files\source\voxdebug\newuiitemmng.obj
c:\alpha mu – 5.2 full 60 fps\source\main-files\source\voxdebug\newuiluckyitemwnd.obj
c:\alpha mu – 5.2 full 60 fps\source\main-files\source\voxdebug\newuimanager.obj
c:\alpha mu – 5.2 full 60 fps\source\main-files\source\voxdebug\newuimasterlevel.obj
c:\alpha mu – 5.2 full 60 fps\source\main-files\source\voxdebug\newuimyinventory.obj
c:\alpha mu – 5.2 full 60 fps\source\main-files\source\voxdebug\newuinpcdialogue.obj
c:\alpha mu – 5.2 full 60 fps\source\main-files\source\voxdebug\newuipartyinfowindow.obj
c:\alpha mu – 5.2 full 60 fps\source\main-files\source\voxdebug\newuiquestprogress.obj
c:\alpha mu – 5.2 full 60 fps\source\main-files\source\voxdebug\newuirendernumber.obj
c:\alpha mu – 5.2 full 60 fps\source\main-files\source\voxdebug\newuiscrollbar.obj
c:\alpha mu – 5.2 full 60 fps\source\main-files\source\voxdebug\newuiseigewarfare.obj
c:\alpha mu – 5.2 full 60 fps\source\main-files\source\voxdebug\newuisiegewarobserver.obj
c:\alpha mu – 5.2 full 60 fps\source\main-files\source\voxdebug\newuitextbox.obj
c:\alpha mu – 5.2 full 60 fps\source\main-files\source\voxdebug\npcbreeder.obj
c:\alpha mu – 5.2 full 60 fps\source\main-files\source\voxdebug\patente.obj
c:\alpha mu – 5.2 full 60 fps\source\main-files\source\voxdebug\plasmastormcolor.obj
c:\alpha mu – 5.2 full 60 fps\source\main-files\source\voxdebug\plist.obj
c:\alpha mu – 5.2 full 60 fps\source\main-files\source\voxdebug\preview.obj
c:\alpha mu – 5.2 full 60 fps\source\main-files\source\voxdebug\protectsyskey.obj
c:\alpha mu – 5.2 full 60 fps\source\main-files\source\voxdebug\questmng.obj
c:\alpha mu – 5.2 full 60 fps\source\main-files\source\voxdebug\sprite.obj
c:\alpha mu – 5.2 full 60 fps\source\main-files\source\voxdebug\summonsystem.obj
c:\alpha mu – 5.2 full 60 fps\source\main-files\source\voxdebug\uicontrols.obj
c:\alpha mu – 5.2 full 60 fps\source\main-files\source\voxdebug\uimng.obj
c:\alpha mu – 5.2 full 60 fps\source\main-files\source\voxdebug\uisenatus.obj
c:\alpha mu – 5.2 full 60 fps\source\main-files\source\voxdebug\custombuttons.obj
c:\alpha mu – 5.2 full 60 fps\source\main-files\source\voxdebug\widescreen.obj
c:\alpha mu – 5.2 full 60 fps\source\main-files\source\voxdebug\win.obj
c:\alpha mu – 5.2 full 60 fps\source\main-files\source\voxdebug\windowtray.obj
c:\alpha mu – 5.2 full 60 fps\source\main-files\source\voxdebug\winmain.obj
c:\alpha mu – 5.2 full 60 fps\source\main-files\source\voxdebug\w_petactiondemon.obj
c:\alpha mu – 5.2 full 60 fps\source\main-files\source\voxdebug\w_petactionround.obj
c:\alpha mu – 5.2 full 60 fps\source\main-files\source\voxdebug\w_petactionunicorn.obj
c:\alpha mu – 5.2 full 60 fps\source\main-files\source\voxdebug\zzzeffectmagicskill.obj
c:\alpha mu – 5.2 full 60 fps\source\main-files\source\voxdebug\zzzeffectnouse.obj
c:\alpha mu – 5.2 full 60 fps\source\main-files\source\voxdebug\zzzeffectpoint.obj
c:\alpha mu – 5.2 full 60 fps\source\main-files\source\voxdebug\zzzeffectpointer.obj
c:\alpha mu – 5.2 full 60 fps\source\main-files\source\voxdebug\zzzeffectsprite.obj
c:\alpha mu – 5.2 full 60 fps\source\main-files\source\voxdebug\zzzobject.obj
c:\alpha mu – 5.2 full 60 fps\source\main-files\source\voxdebug\zzzeffect.obj
c:\alpha mu – 5.2 full 60 fps\source\main-files\source\voxdebug\zzzinterface.obj
c:\alpha mu – 5.2 full 60 fps\source\main-files\source\voxdebug\zzzinventory.obj
c:\alpha mu – 5.2 full 60 fps\source\main-files\source\voxdebug\zzzscene.obj
c:\alpha mu – 5.2 full 60 fps\source\main-files\source\voxdebug\wsclient.obj
c:\alpha mu – 5.2 full 60 fps\source\main-files\voxdebug\main.exe
c:\alpha mu – 5.2 full 60 fps\source\main-files\voxdebug\main
c:\alpha mu – 5.2 full 60 fps\source\main-files\voxdebug\main.pdb
c:\alpha mu – 5.2 full 60 fps\source\main-files\source\voxdebug\resource.res
c:\alpha mu – 5.2 full 60 fps\source\main-files\voxdebug\main.lib
c:\alpha mu – 5.2 full 60 fps\source\main-files\voxdebug\main.exp
c:\alpha mu – 5.2 full 60 fps\source\main-files\source\voxdebug\main.ilk
c:\alpha mu – 5.2 full 60 fps\source\main-files\source\voxdebug\main.vcxproj.filelistabsolute.txt
c:\alpha mu – 5.2 full 60 fps\source\main-files\source\voxdebug\main.tlog\cl.command.1.tlog
c:\alpha mu – 5.2 full 60 fps\source\main-files\source\voxdebug\main.tlog\cl.items.tlog
c:\alpha mu – 5.2 full 60 fps\source\main-files\source\voxdebug\main.tlog\cl.read.1.tlog
c:\alpha mu – 5.2 full 60 fps\source\main-files\source\voxdebug\main.tlog\cl.write.1.tlog
c:\alpha mu – 5.2 full 60 fps\source\main-files\source\voxdebug\main.tlog\link.command.1.tlog
c:\alpha mu – 5.2 full 60 fps\source\main-files\source\voxdebug\main.tlog\link.read.1.tlog
c:\alpha mu – 5.2 full 60 fps\source\main-files\source\voxdebug\main.tlog\link.secondary.1.tlog
c:\alpha mu – 5.2 full 60 fps\source\main-files\source\voxdebug\main.tlog\link.write.1.tlog
c:\alpha mu – 5.2 full 60 fps\source\main-files\source\voxdebug\main.tlog\rc.command.1.tlog
c:\alpha mu – 5.2 full 60 fps\source\main-files\source\voxdebug\main.tlog\rc.read.1.tlog
c:\alpha mu – 5.2 full 60 fps\source\main-files\source\voxdebug\main.tlog\rc.write.1.tlog
